2026-06-17T06:32:42Z INF Thank you for trying Cloudflare Tunnel. Doing so, without a Cloudflare account, is a quick way to experiment and try it out. However, be aware that these account-less Tunnels have no uptime guarantee, are subject to the Cloudflare Online Services Terms of Use (https://www.cloudflare.com/website-terms/), and Cloudflare reserves the right to investigate your use of Tunnels for violations of such terms. If you intend to use Tunnels in production you should use a pre-created named tunnel by following: https://developers.cloudflare.com/cloudflare-one/connections/connect-apps
2026-06-17T06:32:42Z INF Requesting new quick Tunnel on trycloudflare.com...
2026-06-17T06:32:46Z INF +--------------------------------------------------------------------------------------------+
2026-06-17T06:32:46Z INF |  Your quick Tunnel has been created! Visit it at (it may take some time to be reachable):  |
2026-06-17T06:32:46Z INF |  https://assumption-calculation-southern-having.trycloudflare.com                          |
2026-06-17T06:32:46Z INF +--------------------------------------------------------------------------------------------+
2026-06-17T06:32:46Z INF Cannot determine default configuration path. No file [config.yml config.yaml] in [~/.cloudflared ~/.cloudflare-warp ~/cloudflare-warp /etc/cloudflared /usr/local/etc/cloudflared]
2026-06-17T06:32:46Z INF Version 2026.6.0 (Checksum 08d27c4c5d3ed73ee3e98ef2ddceb4ad09fd4cfc28e243565a189538e8ccd706)
2026-06-17T06:32:46Z INF GOOS: linux, GOVersion: go1.26.4, GoArch: amd64
2026-06-17T06:32:46Z INF Settings: map[ha-connections:1 protocol:quic url:http://localhost:8090]
2026-06-17T06:32:46Z INF Autoupdate frequency is set autoupdateFreq=86400000
2026-06-17T06:32:47Z INF Generated Connector ID: f15c72b0-011b-48b4-a53f-da085df9a305
2026-06-17T06:32:47Z INF Initial protocol quic
2026-06-17T06:32:47Z INF ICMP proxy will use 192.168.68.81 as source for IPv4
2026-06-17T06:32:47Z INF ICMP proxy will use fe80::d437:4d6c:87e2:9e2a in zone wlp1s0 as source for IPv6
2026-06-17T06:32:47Z WRN The user running cloudflared process has a GID (group ID) that is not within ping_group_range. You might need to add that user to a group within that range, or instead update the range to encompass a group the user is already in by modifying /proc/sys/net/ipv4/ping_group_range. Otherwise cloudflared will not be able to ping this network error="Group ID 1001 is not between ping group 1 to 0"
2026-06-17T06:32:47Z WRN ICMP proxy feature is disabled error="cannot create ICMPv4 proxy: Group ID 1001 is not between ping group 1 to 0 nor ICMPv6 proxy: socket: permission denied"
2026/06/17 13:32:47 failed to sufficiently increase receive buffer size (was: 208 kiB, wanted: 7168 kiB, got: 416 kiB). See https://github.com/quic-go/quic-go/wiki/UDP-Buffer-Sizes for details.
2026-06-17T06:32:47Z INF ICMP proxy will use 192.168.68.81 as source for IPv4
2026-06-17T06:32:47Z INF ICMP proxy will use fe80::d437:4d6c:87e2:9e2a in zone wlp1s0 as source for IPv6
2026-06-17T06:32:47Z INF Starting metrics server on 127.0.0.1:20241/metrics
2026-06-17T06:32:47Z INF Tunnel connection curve preferences: [X25519MLKEM768 CurveID(65074) CurveP256] connIndex=0 event=0 ip=198.41.200.23
2026-06-17T06:32:47Z INF Registered tunnel connection connIndex=0 connection=459ec850-0a04-4db0-843a-e9b43c6fbdac event=0 ip=198.41.200.23 location=sin15 protocol=quic
2026-06-17T06:32:53Z INF +-------------------------------------------------------------------------------------+
2026-06-17T06:32:53Z INF |                               CONNECTIVITY PRE-CHECKS                               |
2026-06-17T06:32:53Z INF +-------------------------------------------------------------------------------------+
2026-06-17T06:32:53Z INF |  COMPONENT         TARGET                     STATUS  DETAILS                       |
2026-06-17T06:32:53Z INF |  DNS Resolution    region1.v2.argotunnel.com  PASS    DNS Resolved successfully     |
2026-06-17T06:32:53Z INF |  DNS Resolution    region2.v2.argotunnel.com  PASS    DNS Resolved successfully     |
2026-06-17T06:32:53Z INF |  UDP Connectivity  region1.v2.argotunnel.com  PASS    QUIC connection successful    |
2026-06-17T06:32:53Z INF |  UDP Connectivity  region2.v2.argotunnel.com  PASS    QUIC connection successful    |
2026-06-17T06:32:53Z INF |  TCP Connectivity  region1.v2.argotunnel.com  PASS    HTTP/2 connection successful  |
2026-06-17T06:32:53Z INF |  TCP Connectivity  region2.v2.argotunnel.com  PASS    HTTP/2 connection successful  |
2026-06-17T06:32:53Z INF |  Cloudflare API    api.cloudflare.com:443     PASS    API is reachable              |
2026-06-17T06:32:53Z INF |                                                                                     |
2026-06-17T06:32:53Z INF |  SUMMARY: Environment is healthy. cloudflared will use 'quic' as primary protocol.  |
2026-06-17T06:32:53Z INF +-------------------------------------------------------------------------------------+
2026-06-17T06:32:53Z INF precheck component="DNS Resolution" details="DNS Resolved successfully" run_id=9b3e9e9f-255a-4c35-b769-6c1796306742 status=pass target=region1.v2.argotunnel.com
2026-06-17T06:32:53Z INF precheck component="DNS Resolution" details="DNS Resolved successfully" run_id=9b3e9e9f-255a-4c35-b769-6c1796306742 status=pass target=region2.v2.argotunnel.com
2026-06-17T06:32:53Z INF precheck component="UDP Connectivity" details="QUIC connection successful" run_id=9b3e9e9f-255a-4c35-b769-6c1796306742 status=pass target=region1.v2.argotunnel.com
2026-06-17T06:32:53Z INF precheck component="UDP Connectivity" details="QUIC connection successful" run_id=9b3e9e9f-255a-4c35-b769-6c1796306742 status=pass target=region2.v2.argotunnel.com
2026-06-17T06:32:53Z INF precheck component="TCP Connectivity" details="HTTP/2 connection successful" run_id=9b3e9e9f-255a-4c35-b769-6c1796306742 status=pass target=region1.v2.argotunnel.com
2026-06-17T06:32:53Z INF precheck component="TCP Connectivity" details="HTTP/2 connection successful" run_id=9b3e9e9f-255a-4c35-b769-6c1796306742 status=pass target=region2.v2.argotunnel.com
2026-06-17T06:32:53Z INF precheck component="Cloudflare API" details="API is reachable" run_id=9b3e9e9f-255a-4c35-b769-6c1796306742 status=pass target=api.cloudflare.com:443
2026-06-17T06:32:53Z INF precheck complete hard_fail=false run_id=9b3e9e9f-255a-4c35-b769-6c1796306742 suggested_protocol=quic
